0 info it worked if it ends with ok
1 verbose cli [ 'node', '/usr/local/bin/npm', 'init' ]
2 info using npm@2.5.1
3 info using node@v0.12.0
4 verbose node symlink /usr/local/bin/node
5 silly package data { name: 'git-app',
5 silly package data   version: '1.0.0',
5 silly package data   description: 'An app to display github issues of any repository',
5 silly package data   main: 'index.html',
5 silly package data   directories: { test: 'tests' },
5 silly package data   scripts: { test: 'echo "Error: no test specified" && exit 1' },
5 silly package data   repository:
5 silly package data    { type: 'git',
5 silly package data      url: 'https://github.com/andela-unkwocha/git-app.git' },
5 silly package data   author: 'Nkwocha Udo',
5 silly package data   license: 'ISC',
5 silly package data   bugs: { url: 'https://github.com/andela-unkwocha/git-app/issues' },
5 silly package data   homepage: 'https://github.com/andela-unkwocha/git-app',
5 silly package data   keywords: [ 'github', 'issues' ],
5 silly package data   dependencies:
5 silly package data    { 'jasmine-core': '^2.2.0',
5 silly package data      karma: '^0.12.31',
5 silly package data      'karma-chrome-launcher': '^0.1.7',
5 silly package data      'karma-jasmine': '^0.3.5' },
5 silly package data   devDependencies: {} }
6 info init written successfully
7 verbose stack Error: EACCES, open '/Users/udo/Dropbox/labs/git-app/package.json'
7 verbose stack     at Error (native)
8 verbose cwd /Users/udo/Dropbox/labs/git-app
9 error Darwin 14.3.0
10 error argv "node" "/usr/local/bin/npm" "init"
11 error node v0.12.0
12 error npm  v2.5.1
13 error path /Users/udo/Dropbox/labs/git-app/package.json
14 error code EACCES
15 error errno -13
16 error Error: EACCES, open '/Users/udo/Dropbox/labs/git-app/package.json'
16 error     at Error (native)
16 error  { [Error: EACCES, open '/Users/udo/Dropbox/labs/git-app/package.json']
16 error   errno: -13,
16 error   code: 'EACCES',
16 error   path: '/Users/udo/Dropbox/labs/git-app/package.json' }
17 error Please try running this command again as root/Administrator.
18 verbose exit [ -13, true ]
